13:05:52.984 [main] INFO  testcases.TC_001_AccountRegistrationTest - ***  Starting TC_001_AccountRegistrationTest ***
13:05:53.146 [main] INFO  testcases.TC_001_AccountRegistrationTest - Clicked on My account link
13:05:53.833 [main] INFO  testcases.TC_001_AccountRegistrationTest - Clicked on register link
13:05:53.919 [main] INFO  testcases.TC_001_AccountRegistrationTest - Providing customer data
13:06:04.378 [main] ERROR testcases.TC_001_AccountRegistrationTest - test failed
13:09:05.473 [main] DEBUG io.netty.util.internal.logging.InternalLoggerFactory - Using Log4J2 as the default logging framework
13:09:05.592 [main] DEBUG io.netty.util.ResourceLeakDetector - -Dio.netty.leakDetection.level: simple
13:09:05.592 [main] DEBUG io.netty.util.ResourceLeakDetector - -Dio.netty.leakDetection.targetRecords: 4
13:09:05.597 [main] DEBUG io.netty.util.ResourceLeakDetectorFactory - Loaded default ResourceLeakDetector: io.netty.util.ResourceLeakDetector@33364212
13:09:05.623 [main] DEBUG io.netty.util.internal.PlatformDependent0 - -Dio.netty.noUnsafe: false
13:09:05.625 [main] DEBUG io.netty.util.internal.PlatformDependent0 - Java version: 19
13:09:05.626 [main] DEBUG io.netty.util.internal.PlatformDependent0 - sun.misc.Unsafe.theUnsafe: available
13:09:05.627 [main] DEBUG io.netty.util.internal.PlatformDependent0 - sun.misc.Unsafe.copyMemory: available
13:09:05.628 [main] DEBUG io.netty.util.internal.PlatformDependent0 - sun.misc.Unsafe.storeFence: available
13:09:05.629 [main] DEBUG io.netty.util.internal.PlatformDependent0 - java.nio.Buffer.address: available
13:09:05.630 [main] DEBUG io.netty.util.internal.PlatformDependent0 - direct buffer constructor: unavailable: Reflective setAccessible(true) disabled
13:09:05.631 [main] DEBUG io.netty.util.internal.PlatformDependent0 - java.nio.Bits.unaligned: available, true
13:09:05.632 [main] DEBUG io.netty.util.internal.PlatformDependent0 - jdk.internal.misc.Unsafe.allocateUninitializedArray(int): unavailable: class io.netty.util.internal.PlatformDependent0$7 cannot access class jdk.internal.misc.Unsafe (in module java.base) because module java.base does not export jdk.internal.misc to unnamed module @5f205aa
13:09:05.633 [main] DEBUG io.netty.util.internal.PlatformDependent0 - java.nio.DirectByteBuffer.<init>(long, int): unavailable
13:09:05.634 [main] DEBUG io.netty.util.internal.PlatformDependent - sun.misc.Unsafe: available
13:09:05.634 [main] DEBUG io.netty.util.internal.PlatformDependent - maxDirectMemory: 1581252608 bytes (maybe)
13:09:05.635 [main] DEBUG io.netty.util.internal.PlatformDependent - -Dio.netty.tmpdir: C:\Users\admin\AppData\Local\Temp (java.io.tmpdir)
13:09:05.635 [main] DEBUG io.netty.util.internal.PlatformDependent - -Dio.netty.bitMode: 64 (sun.arch.data.model)
13:09:05.635 [main] DEBUG io.netty.util.internal.PlatformDependent - Platform: Windows
13:09:05.636 [main] DEBUG io.netty.util.internal.PlatformDependent - -Dio.netty.maxDirectMemory: -1 bytes
13:09:05.636 [main] DEBUG io.netty.util.internal.PlatformDependent - -Dio.netty.uninitializedArrayAllocationThreshold: -1
13:09:05.638 [main] DEBUG io.netty.util.internal.CleanerJava9 - java.nio.ByteBuffer.cleaner(): available
13:09:05.638 [main] DEBUG io.netty.util.internal.PlatformDependent - -Dio.netty.noPreferDirect: false
13:09:05.650 [main] DEBUG io.netty.util.internal.PlatformDependent - org.jctools-core.MpscChunkedArrayQueue: available
13:09:05.686 [main] DEBUG io.netty.util.internal.InternalThreadLocalMap - -Dio.netty.threadLocalMap.stringBuilder.initialSize: 1024
13:09:05.686 [main] DEBUG io.netty.util.internal.InternalThreadLocalMap - -Dio.netty.threadLocalMap.stringBuilder.maxSize: 4096
13:09:05.703 [main] DEBUG io.netty.handler.ssl.JdkSslContext - Default protocols (JDK): [TLSv1.3, TLSv1.2] 
13:09:05.703 [main] DEBUG io.netty.handler.ssl.JdkSslContext - Default cipher suites (JDK): [TLS_ECDHE_ECDSA_WITH_AES_256_GCM_SHA384, TLS_ECDHE_ECDSA_WITH_AES_128_GCM_SHA256, TLS_ECDHE_RSA_WITH_AES_128_GCM_SHA256, TLS_ECDHE_RSA_WITH_AES_256_GCM_SHA384, TLS_ECDHE_RSA_WITH_AES_128_CBC_SHA, TLS_ECDHE_RSA_WITH_AES_256_CBC_SHA, TLS_RSA_WITH_AES_128_GCM_SHA256, TLS_RSA_WITH_AES_128_CBC_SHA, TLS_RSA_WITH_AES_256_CBC_SHA, TLS_AES_128_GCM_SHA256, TLS_AES_256_GCM_SHA384]
13:09:05.738 [main] DEBUG io.netty.channel.MultithreadEventLoopGroup - -Dio.netty.eventLoopThreads: 8
13:09:05.754 [main] DEBUG io.netty.channel.nio.NioEventLoop - -Dio.netty.noKeySetOptimization: false
13:09:05.755 [main] DEBUG io.netty.channel.nio.NioEventLoop - -Dio.netty.selectorAutoRebuildThreshold: 512
13:09:05.815 [main] DEBUG io.netty.buffer.PooledByteBufAllocator - -Dio.netty.allocator.numHeapArenas: 8
13:09:05.816 [main] DEBUG io.netty.buffer.PooledByteBufAllocator - -Dio.netty.allocator.numDirectArenas: 8
13:09:05.816 [main] DEBUG io.netty.buffer.PooledByteBufAllocator - -Dio.netty.allocator.pageSize: 8192
13:09:05.816 [main] DEBUG io.netty.buffer.PooledByteBufAllocator - -Dio.netty.allocator.maxOrder: 9
13:09:05.816 [main] DEBUG io.netty.buffer.PooledByteBufAllocator - -Dio.netty.allocator.chunkSize: 4194304
13:09:05.816 [main] DEBUG io.netty.buffer.PooledByteBufAllocator - -Dio.netty.allocator.smallCacheSize: 256
13:09:05.816 [main] DEBUG io.netty.buffer.PooledByteBufAllocator - -Dio.netty.allocator.normalCacheSize: 64
13:09:05.816 [main] DEBUG io.netty.buffer.PooledByteBufAllocator - -Dio.netty.allocator.maxCachedBufferCapacity: 32768
13:09:05.816 [main] DEBUG io.netty.buffer.PooledByteBufAllocator - -Dio.netty.allocator.cacheTrimInterval: 8192
13:09:05.816 [main] DEBUG io.netty.buffer.PooledByteBufAllocator - -Dio.netty.allocator.cacheTrimIntervalMillis: 0
13:09:05.816 [main] DEBUG io.netty.buffer.PooledByteBufAllocator - -Dio.netty.allocator.useCacheForAllThreads: false
13:09:05.817 [main] DEBUG io.netty.buffer.PooledByteBufAllocator - -Dio.netty.allocator.maxCachedByteBuffersPerChunk: 1023
13:09:05.831 [main] DEBUG io.netty.buffer.ByteBufUtil - -Dio.netty.allocator.type: pooled
13:09:05.831 [main] DEBUG io.netty.buffer.ByteBufUtil - -Dio.netty.threadLocalDirectBufferSize: 0
13:09:05.832 [main] DEBUG io.netty.buffer.ByteBufUtil - -Dio.netty.maxThreadLocalCharBufferSize: 16384
13:09:06.771 [Forwarding newSession on session null to remote] DEBUG io.netty.channel.DefaultChannelId - -Dio.netty.processId: 8280 (auto-detected)
13:09:06.774 [Forwarding newSession on session null to remote] DEBUG io.netty.util.NetUtil - -Djava.net.preferIPv4Stack: false
13:09:06.774 [Forwarding newSession on session null to remote] DEBUG io.netty.util.NetUtil - -Djava.net.preferIPv6Addresses: false
13:09:06.785 [Forwarding newSession on session null to remote] DEBUG io.netty.util.NetUtilInitializations - Loopback interface: lo (Software Loopback Interface 1, 127.0.0.1)
13:09:06.788 [Forwarding newSession on session null to remote] DEBUG io.netty.util.NetUtil - Failed to get SOMAXCONN from sysctl and file \proc\sys\net\core\somaxconn. Default: 200
13:09:06.832 [Forwarding newSession on session null to remote] DEBUG io.netty.channel.DefaultChannelId - -Dio.netty.machineId: 08:11:96:ff:fe:0c:43:b0 (auto-detected)
13:09:06.910 [AsyncHttpClient-1-2] DEBUG io.netty.buffer.AbstractByteBuf - -Dio.netty.buffer.checkAccessible: true
13:09:06.910 [AsyncHttpClient-1-2] DEBUG io.netty.buffer.AbstractByteBuf - -Dio.netty.buffer.checkBounds: true
13:09:06.910 [AsyncHttpClient-1-2] DEBUG io.netty.util.ResourceLeakDetectorFactory - Loaded default ResourceLeakDetector: io.netty.util.ResourceLeakDetector@4e114882
13:09:06.973 [AsyncHttpClient-1-2] DEBUG io.netty.util.Recycler - -Dio.netty.recycler.maxCapacityPerThread: 4096
13:09:06.973 [AsyncHttpClient-1-2] DEBUG io.netty.util.Recycler - -Dio.netty.recycler.ratio: 8
13:09:06.973 [AsyncHttpClient-1-2] DEBUG io.netty.util.Recycler - -Dio.netty.recycler.chunkSize: 32
13:09:06.973 [AsyncHttpClient-1-2] DEBUG io.netty.util.Recycler - -Dio.netty.recycler.blocking: false
13:09:09.620 [AsyncHttpClient-1-2] DEBUG io.netty.handler.codec.compression.Brotli - brotli4j not in the classpath; Brotli support will be unavailable.
13:09:10.083 [main] DEBUG io.netty.util.internal.ThreadLocalRandom - -Dio.netty.initialSeedUniquifier: 0x56ed5fb18603e6ee
13:09:11.860 [main] DEBUG testcases.TC_001_AccountRegistrationTest - application logs......
13:09:11.860 [main] INFO  testcases.TC_001_AccountRegistrationTest - ***  Starting TC_001_AccountRegistrationTest ***
13:09:12.165 [main] INFO  testcases.TC_001_AccountRegistrationTest - Clicked on My account link
13:09:12.991 [main] INFO  testcases.TC_001_AccountRegistrationTest - Clicked on register link
13:09:12.997 [main] INFO  testcases.TC_001_AccountRegistrationTest - Providing customer data
13:09:23.648 [main] ERROR testcases.TC_001_AccountRegistrationTest - test failed
13:17:41.561 [main] INFO  testcases.TC_001_AccountRegistrationTest - ***  Starting TC_001_AccountRegistrationTest ***
13:17:41.708 [main] INFO  testcases.TC_001_AccountRegistrationTest - Clicked on My account link
13:17:42.338 [main] INFO  testcases.TC_001_AccountRegistrationTest - Clicked on register link
13:17:42.342 [main] INFO  testcases.TC_001_AccountRegistrationTest - Providing customer data
13:17:52.749 [main] ERROR testcases.TC_001_AccountRegistrationTest - test failed
19:23:11.782 [main] INFO  testcases.TC_001_AccountRegistrationTest - ***  Starting TC_001_AccountRegistrationTest ***
19:23:11.976 [main] INFO  testcases.TC_001_AccountRegistrationTest - Clicked on My account link
19:23:12.665 [main] INFO  testcases.TC_001_AccountRegistrationTest - Clicked on register link
19:23:12.668 [main] INFO  testcases.TC_001_AccountRegistrationTest - Providing customer data
19:23:14.198 [main] ERROR testcases.TC_001_AccountRegistrationTest - test failed
19:23:58.857 [main] INFO  testcases.TC_001_AccountRegistrationTest - ***  Starting TC_001_AccountRegistrationTest ***
19:23:58.982 [main] INFO  testcases.TC_001_AccountRegistrationTest - Clicked on My account link
19:23:59.516 [main] INFO  testcases.TC_001_AccountRegistrationTest - Clicked on register link
19:23:59.519 [main] INFO  testcases.TC_001_AccountRegistrationTest - Providing customer data
19:24:01.177 [main] ERROR testcases.TC_001_AccountRegistrationTest - test failed
19:24:21.713 [main] INFO  testcases.TC_001_AccountRegistrationTest - ***  Starting TC_001_AccountRegistrationTest ***
19:24:21.866 [main] INFO  testcases.TC_001_AccountRegistrationTest - Clicked on My account link
19:24:22.455 [main] INFO  testcases.TC_001_AccountRegistrationTest - Clicked on register link
19:24:22.460 [main] INFO  testcases.TC_001_AccountRegistrationTest - Providing customer data
19:24:24.070 [main] ERROR testcases.TC_001_AccountRegistrationTest - test failed
19:25:26.619 [main] INFO  testcases.TC_001_AccountRegistrationTest - ***  Starting TC_001_AccountRegistrationTest ***
19:25:26.775 [main] INFO  testcases.TC_001_AccountRegistrationTest - Clicked on My account link
19:25:27.558 [main] INFO  testcases.TC_001_AccountRegistrationTest - Clicked on register link
19:25:27.567 [main] INFO  testcases.TC_001_AccountRegistrationTest - Providing customer data
19:25:29.170 [main] ERROR testcases.TC_001_AccountRegistrationTest - test failed
19:26:12.246 [main] INFO  testcases.TC_001_AccountRegistrationTest - ***  Starting TC_001_AccountRegistrationTest ***
19:26:12.351 [main] INFO  testcases.TC_001_AccountRegistrationTest - Clicked on My account link
19:26:12.882 [main] INFO  testcases.TC_001_AccountRegistrationTest - Clicked on register link
19:26:12.892 [main] INFO  testcases.TC_001_AccountRegistrationTest - Providing customer data
19:26:14.532 [main] ERROR testcases.TC_001_AccountRegistrationTest - test failed
19:26:34.142 [main] INFO  testcases.TC_001_AccountRegistrationTest - ***  Starting TC_001_AccountRegistrationTest ***
19:26:34.296 [main] INFO  testcases.TC_001_AccountRegistrationTest - Clicked on My account link
19:26:34.872 [main] INFO  testcases.TC_001_AccountRegistrationTest - Clicked on register link
19:26:34.877 [main] INFO  testcases.TC_001_AccountRegistrationTest - Providing customer data
19:26:36.441 [main] ERROR testcases.TC_001_AccountRegistrationTest - test failed
